2015-12-24 02:35:57 INFO  Resources:33 - put colors in color ArrayList to color shapes 
2015-12-24 02:35:57 INFO  XMLParser:39 - Load all themes name from xml
2015-12-24 02:35:57 INFO  Resources:54 - load all themes
2015-12-24 02:35:57 INFO  XMLParser:39 - Load all themes name from xml
2015-12-24 02:35:57 DEBUG MyImage:14 - Create MyImage object with name clown
2015-12-24 02:35:57 DEBUG MyImage:14 - Create MyImage object with name backGround
2015-12-24 02:35:57 DEBUG MyImage:14 - Create MyImage object with name belt1
2015-12-24 02:35:57 INFO  ThemeOne:57 - images was read in array list
2015-12-24 02:35:57 INFO  Resources:92 - load all Images
2015-12-24 02:35:57 INFO  XMLParser:39 - Load all themes name from xml
2015-12-24 02:35:57 INFO  Logger:38 - load classes from plugin/Rectangle.jarwhich implementsgame.model.Shape
2015-12-24 02:35:57 INFO  Logger:39 - classes are loaded[class game.model.Rectangle]
2015-12-24 02:35:57 INFO  Logger:38 - load classes from plugin/Ellipse.jarwhich implementsgame.model.Shape
2015-12-24 02:35:57 INFO  Logger:39 - classes are loaded[class game.model.Ellipse]
2015-12-24 02:35:57 INFO  Resources:123 - load all shapes and color them
2015-12-24 02:35:57 DEBUG Controller:69 - controller speed equals 20
2015-12-24 02:35:57 DEBUG BackGround:22 - BackGround settrue
2015-12-24 02:35:57 DEBUG ImageFactory:18 - image matches name 'backGround'and returned 
2015-12-24 02:35:57 INFO  BackGround:26 - get back ground image from resources and put it
2015-12-24 02:35:57 INFO  Controller:71 - Back Ground is created
2015-12-24 02:35:57 DEBUG LeftBelt:39 - x was set 0
2015-12-24 02:35:57 DEBUG LeftBelt:52 - y was set 50
2015-12-24 02:35:57 DEBUG LeftBelt:23 - x , y of belt is 0,50
2015-12-24 02:35:57 INFO  LeftBelt:25 - belt set visible in constractor
2015-12-24 02:35:57 DEBUG ImageFactory:18 - image matches name 'belt1'and returned 
2015-12-24 02:35:57 INFO  LeftBelt:28 - get belt image from resources
2015-12-24 02:35:57 DEBUG Controller:99 - iniatial Left Belt at 0,50
2015-12-24 02:35:57 DEBUG LeftBelt:39 - x was set 0
2015-12-24 02:35:57 DEBUG LeftBelt:52 - y was set 350
2015-12-24 02:35:57 DEBUG LeftBelt:23 - x , y of belt is 0,350
2015-12-24 02:35:57 INFO  LeftBelt:25 - belt set visible in constractor
2015-12-24 02:35:57 DEBUG ImageFactory:18 - image matches name 'belt1'and returned 
2015-12-24 02:35:57 INFO  LeftBelt:28 - get belt image from resources
2015-12-24 02:35:57 DEBUG Controller:99 - iniatial Left Belt at 0,350
2015-12-24 02:35:57 DEBUG LeftBelt:39 - x was set 0
2015-12-24 02:35:57 DEBUG LeftBelt:52 - y was set 200
2015-12-24 02:35:57 DEBUG LeftBelt:23 - x , y of belt is 0,200
2015-12-24 02:35:57 INFO  LeftBelt:25 - belt set visible in constractor
2015-12-24 02:35:57 DEBUG ImageFactory:18 - image matches name 'belt1'and returned 
2015-12-24 02:35:57 INFO  LeftBelt:28 - get belt image from resources
2015-12-24 02:35:57 DEBUG Controller:99 - iniatial Left Belt at 0,200
2015-12-24 02:35:57 DEBUG RightBelt:39 - x was set 1100
2015-12-24 02:35:57 DEBUG RightBelt:52 - y was set 400
2015-12-24 02:35:57 DEBUG RightBelt:23 - x , y of belt is 1100,400
2015-12-24 02:35:57 INFO  RightBelt:25 - belt set visible in constractor
2015-12-24 02:35:57 DEBUG ImageFactory:18 - image matches name 'belt1'and returned 
2015-12-24 02:35:57 INFO  RightBelt:28 - get belt image from resources
2015-12-24 02:35:57 DEBUG Controller:106 - iniatial right Belt at 1100,400
2015-12-24 02:35:57 DEBUG RightBelt:39 - x was set 1100
2015-12-24 02:35:57 DEBUG RightBelt:52 - y was set 50
2015-12-24 02:35:57 DEBUG RightBelt:23 - x , y of belt is 1100,50
2015-12-24 02:35:57 INFO  RightBelt:25 - belt set visible in constractor
2015-12-24 02:35:57 DEBUG ImageFactory:18 - image matches name 'belt1'and returned 
2015-12-24 02:35:57 INFO  RightBelt:28 - get belt image from resources
2015-12-24 02:35:57 DEBUG Controller:106 - iniatial right Belt at 1100,50
2015-12-24 02:35:57 DEBUG RightBelt:39 - x was set 1100
2015-12-24 02:35:57 DEBUG RightBelt:52 - y was set 200
2015-12-24 02:35:57 DEBUG RightBelt:23 - x , y of belt is 1100,200
2015-12-24 02:35:57 INFO  RightBelt:25 - belt set visible in constractor
2015-12-24 02:35:57 DEBUG ImageFactory:18 - image matches name 'belt1'and returned 
2015-12-24 02:35:57 INFO  RightBelt:28 - get belt image from resources
2015-12-24 02:35:57 DEBUG Controller:106 - iniatial right Belt at 1100,200
2015-12-24 02:35:57 INFO  Controller:79 - Belts are postioned
2015-12-24 02:35:57 DEBUG ImageFactory:18 - image matches name 'clown'and returned 
2015-12-24 02:35:57 INFO  Clown:42 - get Clown image from resources
2015-12-24 02:35:57 DEBUG Clown:49 - set x , y for clown 623,550
2015-12-24 02:35:57 DEBUG MyStack:35 - current State of stack isDirty state
2015-12-24 02:35:57 DEBUG MyStack:43 - image was set for stack
2015-12-24 02:35:57 DEBUG MyStack:35 - current State of stack isDirty state
2015-12-24 02:35:57 DEBUG MyStack:43 - image was set for stack
2015-12-24 02:35:57 DEBUG MyStack:35 - current State of stack isDirty state
2015-12-24 02:35:57 DEBUG MyStack:43 - image was set for stack
2015-12-24 02:35:57 INFO  Clown:59 - create 3 stacks and put them in MovableObjects ArrayList
2015-12-24 02:35:57 INFO  Controller:91 - Clown added to control array list
2015-12-24 02:36:02 INFO  Controller:293 - game is paused
2015-12-24 02:36:02 INFO  Clown:108 - Clown is stopped
2015-12-24 02:36:02 INFO  MenuBarInitializer:166 - current state is Resume
